c:\users\hexip\documents\github\oop4g\assessedwork\game project\directx version\space shooter\space shooter\debug\vc141.pdb
c:\users\hexip\documents\github\oop4g\assessedwork\game project\directx version\space shooter\space shooter\debug\vc141.idb
c:\users\hexip\documents\github\oop4g\assessedwork\game project\directx version\space shooter\space shooter\debug\shield.obj
c:\users\hexip\documents\github\oop4g\assessedwork\game project\directx version\space shooter\space shooter\debug\settings.obj
c:\users\hexip\documents\github\oop4g\assessedwork\game project\directx version\space shooter\space shooter\debug\score.obj
c:\users\hexip\documents\github\oop4g\assessedwork\game project\directx version\space shooter\space shooter\debug\powerup.obj
c:\users\hexip\documents\github\oop4g\assessedwork\game project\directx version\space shooter\space shooter\debug\playing.obj
c:\users\hexip\documents\github\oop4g\assessedwork\game project\directx version\space shooter\space shooter\debug\player.obj
c:\users\hexip\documents\github\oop4g\assessedwork\game project\directx version\space shooter\space shooter\debug\pause.obj
c:\users\hexip\documents\github\oop4g\assessedwork\game project\directx version\space shooter\space shooter\debug\mousekeys.obj
c:\users\hexip\documents\github\oop4g\assessedwork\game project\directx version\space shooter\space shooter\debug\menu.obj
c:\users\hexip\documents\github\oop4g\assessedwork\game project\directx version\space shooter\space shooter\debug\manager.obj
c:\users\hexip\documents\github\oop4g\assessedwork\game project\directx version\space shooter\space shooter\debug\main.obj
c:\users\hexip\documents\github\oop4g\assessedwork\game project\directx version\space shooter\space shooter\debug\instructions.obj
c:\users\hexip\documents\github\oop4g\assessedwork\game project\directx version\space shooter\space shooter\debug\gamepad.obj
c:\users\hexip\documents\github\oop4g\assessedwork\game project\directx version\space shooter\space shooter\debug\enemy.obj
c:\users\hexip\documents\github\oop4g\assessedwork\game project\directx version\space shooter\space shooter\debug\end.obj
c:\users\hexip\documents\github\oop4g\assessedwork\game project\directx version\space shooter\space shooter\debug\d3dutils.obj
c:\users\hexip\documents\github\oop4g\assessedwork\game project\directx version\space shooter\space shooter\debug\d3d.obj
c:\users\hexip\documents\github\oop4g\assessedwork\game project\directx version\space shooter\space shooter\debug\bullet.obj
c:\users\hexip\documents\github\oop4g\assessedwork\game project\directx version\space shooter\space shooter\debug\boss.obj
c:\users\hexip\documents\github\oop4g\assessedwork\game project\directx version\space shooter\space shooter\debug\animation.obj
c:\users\hexip\documents\github\oop4g\assessedwork\game project\directx version\space shooter\space shooter\debug\windowutils.obj
c:\users\hexip\documents\github\oop4g\assessedwork\game project\directx version\space shooter\space shooter\debug\texturecache.obj
c:\users\hexip\documents\github\oop4g\assessedwork\game project\directx version\space shooter\space shooter\debug\state.obj
c:\users\hexip\documents\github\oop4g\assessedwork\game project\directx version\space shooter\space shooter\debug\sprite.obj
c:\users\hexip\documents\github\oop4g\assessedwork\game project\directx version\space shooter\space shooter\debug\ship.obj
c:\users\hexip\documents\github\oop4g\assessedwork\game project\directx version\space shooter\space shooter\debug\enemy2.obj
c:\users\hexip\documents\github\oop4g\assessedwork\game project\directx version\space shooter\space shooter\debug\blockade.obj
c:\users\hexip\documents\github\oop4g\assessedwork\game project\directx version\space shooter\bin\space shooter.exe
c:\users\hexip\documents\github\oop4g\assessedwork\game project\directx version\space shooter\bin\space shooter.ilk
c:\users\hexip\documents\github\oop4g\assessedwork\game project\directx version\space shooter\bin\space shooter.pdb
c:\users\hexip\documents\github\oop4g\assessedwork\game project\directx version\space shooter\space shooter\debug\playing.obj.enc
c:\users\hexip\documents\github\oop4g\assessedwork\game project\directx version\space shooter\space shooter\../bin/space shooter.exe
c:\users\hexip\documents\github\oop4g\assessedwork\game project\directx version\space shooter\space shooter\debug\space shooter.tlog\cl.command.1.tlog
c:\users\hexip\documents\github\oop4g\assessedwork\game project\directx version\space shooter\space shooter\debug\space shooter.tlog\cl.read.1.tlog
c:\users\hexip\documents\github\oop4g\assessedwork\game project\directx version\space shooter\space shooter\debug\space shooter.tlog\cl.write.1.tlog
c:\users\hexip\documents\github\oop4g\assessedwork\game project\directx version\space shooter\space shooter\debug\space shooter.tlog\link.command.1.tlog
c:\users\hexip\documents\github\oop4g\assessedwork\game project\directx version\space shooter\space shooter\debug\space shooter.tlog\link.read.1.tlog
c:\users\hexip\documents\github\oop4g\assessedwork\game project\directx version\space shooter\space shooter\debug\space shooter.tlog\link.write.1.tlog
