  phf.cpp
  Bullet.cpp
  CommonGameData.cpp
  Enemy.cpp
  Item.cpp
  LevelOne.cpp
c:\users\hexip\documents\github\oop4g\assessedwork\game project\very early sfml version\space-game\levelone.cpp(9): warning C4244: 'argument': conversion from 'T' to 'T', possible loss of data
          with
          [
              T=unsigned int
          ]
          and
          [
              T=float
          ]
  GameManager.cpp
  main.cpp
  Menu.cpp
  Player.cpp
  State.cpp
  Generating Code...
  Space-game.vcxproj -> C:\Users\hexip\Documents\GitHub\oop4g\AssessedWork\Game Project\Very early sfml version\Debug\Space-game.exe
