c:\users\hexip\documents\projects\sfml\space-game\space-game\debug\vc142.pdb
c:\users\hexip\documents\projects\sfml\space-game\space-game\debug\vc142.idb
c:\users\hexip\documents\projects\sfml\space-game\space-game\debug\phf.obj
c:\users\hexip\documents\projects\sfml\space-game\space-game\debug\main.obj
c:\users\hexip\documents\projects\sfml\space-game\space-game\debug\state.obj
c:\users\hexip\documents\projects\sfml\space-game\space-game\debug\gamemanager.obj
c:\users\hexip\documents\projects\sfml\space-game\space-game\debug\menu.obj
c:\users\hexip\documents\projects\sfml\space-game\space-game\debug\game.obj
c:\users\hexip\documents\projects\sfml\space-game\space-game\debug\space-game.pch
c:\users\hexip\documents\projects\sfml\space-game\space-game\debug\player.obj
c:\users\hexip\documents\projects\sfml\space-game\space-game\debug\levelone.obj
c:\users\hexip\documents\projects\sfml\space-game\space-game\debug\item.obj
c:\users\hexip\documents\projects\sfml\space-game\space-game\debug\enemy.obj
c:\users\hexip\documents\projects\sfml\space-game\space-game\debug\bullet.obj
c:\users\hexip\documents\projects\sfml\space-game\space-game\debug\commongamedata.obj
c:\users\hexip\documents\projects\sfml\space-game\debug\space-game.exe
c:\users\hexip\documents\projects\sfml\space-game\debug\space-game.ilk
c:\users\hexip\documents\projects\sfml\space-game\debug\space-game.pdb
c:\users\hexip\documents\github\oop4g\assessedwork\game project\very early sfml version\space-game\debug\vc142.idb
c:\users\hexip\documents\github\oop4g\assessedwork\game project\very early sfml version\space-game\debug\vc142.pdb
c:\users\hexip\documents\github\oop4g\assessedwork\game project\very early sfml version\debug\space-game.pdb
c:\users\hexip\documents\github\oop4g\assessedwork\game project\very early sfml version\debug\space-game.exe
c:\users\hexip\documents\github\oop4g\assessedwork\game project\very early sfml version\debug\space-game.ilk
c:\users\hexip\documents\github\oop4g\assessedwork\game project\very early sfml version\space-game\debug\space-game.tlog\cl.command.1.tlog
c:\users\hexip\documents\github\oop4g\assessedwork\game project\very early sfml version\space-game\debug\space-game.tlog\cl.read.1.tlog
c:\users\hexip\documents\github\oop4g\assessedwork\game project\very early sfml version\space-game\debug\space-game.tlog\cl.write.1.tlog
c:\users\hexip\documents\github\oop4g\assessedwork\game project\very early sfml version\space-game\debug\space-game.tlog\link.command.1.tlog
c:\users\hexip\documents\github\oop4g\assessedwork\game project\very early sfml version\space-game\debug\space-game.tlog\link.read.1.tlog
c:\users\hexip\documents\github\oop4g\assessedwork\game project\very early sfml version\space-game\debug\space-game.tlog\link.write.1.tlog
