c:\users\hexip\documents\github\oop4g\assessedwork\1. sixes sfml\vs project files v2\sfmlbaseproject\debug\vc141.pdb
c:\users\hexip\documents\github\oop4g\assessedwork\1. sixes sfml\vs project files v2\sfmlbaseproject\debug\vc141.idb
c:\users\hexip\documents\github\oop4g\assessedwork\1. sixes sfml\vs project files v2\sfmlbaseproject\debug\main.obj
c:\users\hexip\documents\github\oop4g\assessedwork\1. sixes sfml\vs project files v2\sfmlbaseproject\debug\numberinput.obj
c:\users\hexip\documents\github\oop4g\assessedwork\1. sixes sfml\vs project files v2\sfmlbaseproject\debug\nameinput.obj
c:\users\hexip\documents\github\oop4g\assessedwork\1. sixes sfml\vs project files v2\sfmlbaseproject\debug\gamemanager.obj
c:\users\hexip\documents\github\oop4g\assessedwork\1. sixes sfml\vs project files v2\sfmlbaseproject\debug\game.obj
c:\users\hexip\documents\github\oop4g\assessedwork\1. sixes sfml\vs project files v2\sfmlbaseproject\debug\end.obj
c:\users\hexip\documents\github\oop4g\assessedwork\1. sixes sfml\vs project files v2\sfmlbaseproject\debug\dice.obj
c:\users\hexip\documents\github\oop4g\assessedwork\1. sixes sfml\vs project files v2\sfmlbaseproject\debug\sfmlbaseproject.pch
c:\users\hexip\documents\github\oop4g\assessedwork\1. sixes sfml\vs project files v2\sfmlbaseproject\debug\stdafx.obj
c:\users\hexip\documents\github\oop4g\assessedwork\1. sixes sfml\vs project files v2\sfmlbaseproject\debug\state.obj
c:\users\hexip\documents\github\oop4g\assessedwork\1. sixes sfml\vs project files v2\sfmlbaseproject\debug\score.obj
c:\users\hexip\documents\github\oop4g\assessedwork\1. sixes sfml\vs project files v2\sfmlbaseproject\debug\randomnumbergenerator.obj
c:\users\hexip\documents\github\oop4g\assessedwork\1. sixes sfml\vs project files v2\debug\sfmlbaseproject.exe
c:\users\hexip\documents\github\oop4g\assessedwork\1. sixes sfml\vs project files v2\debug\sfmlbaseproject.ilk
c:\users\hexip\documents\github\oop4g\assessedwork\1. sixes sfml\vs project files v2\debug\sfmlbaseproject.pdb
c:\users\hexip\documents\github\oop4g\assessedwork\1. sixes sfml\vs project files v2\sfmlbaseproject\debug\sfmlbaseproject.tlog\cl.command.1.tlog
c:\users\hexip\documents\github\oop4g\assessedwork\1. sixes sfml\vs project files v2\sfmlbaseproject\debug\sfmlbaseproject.tlog\cl.read.1.tlog
c:\users\hexip\documents\github\oop4g\assessedwork\1. sixes sfml\vs project files v2\sfmlbaseproject\debug\sfmlbaseproject.tlog\cl.write.1.tlog
c:\users\hexip\documents\github\oop4g\assessedwork\1. sixes sfml\vs project files v2\sfmlbaseproject\debug\sfmlbaseproject.tlog\link.command.1.tlog
c:\users\hexip\documents\github\oop4g\assessedwork\1. sixes sfml\vs project files v2\sfmlbaseproject\debug\sfmlbaseproject.tlog\link.read.1.tlog
c:\users\hexip\documents\github\oop4g\assessedwork\1. sixes sfml\vs project files v2\sfmlbaseproject\debug\sfmlbaseproject.tlog\link.write.1.tlog
