c:\users\hexip\documents\github\oop4g\assessedwork\9. input && scrolling\vs project\input and scrolling\debug\vc141.pdb
c:\users\hexip\documents\github\oop4g\assessedwork\9. input && scrolling\vs project\input and scrolling\debug\vc141.idb
c:\users\hexip\documents\github\oop4g\assessedwork\9. input && scrolling\vs project\input and scrolling\debug\winutil.obj
c:\users\hexip\documents\github\oop4g\assessedwork\9. input && scrolling\vs project\input and scrolling\debug\texcache.obj
c:\users\hexip\documents\github\oop4g\assessedwork\9. input && scrolling\vs project\input and scrolling\debug\sprite.obj
c:\users\hexip\documents\github\oop4g\assessedwork\9. input && scrolling\vs project\input and scrolling\debug\source.obj
c:\users\hexip\documents\github\oop4g\assessedwork\9. input && scrolling\vs project\input and scrolling\debug\playstate.obj
c:\users\hexip\documents\github\oop4g\assessedwork\9. input && scrolling\vs project\input and scrolling\debug\mousekeys.obj
c:\users\hexip\documents\github\oop4g\assessedwork\9. input && scrolling\vs project\input and scrolling\debug\gamepad.obj
c:\users\hexip\documents\github\oop4g\assessedwork\9. input && scrolling\vs project\input and scrolling\debug\game.obj
c:\users\hexip\documents\github\oop4g\assessedwork\9. input && scrolling\vs project\input and scrolling\debug\d3d.obj
c:\users\hexip\documents\github\oop4g\assessedwork\9. input && scrolling\vs project\bin\input and scrolling.ilk
c:\users\hexip\documents\github\oop4g\assessedwork\9. input && scrolling\vs project\bin\input and scrolling.exe
c:\users\hexip\documents\github\oop4g\assessedwork\9. input && scrolling\vs project\bin\input and scrolling.pdb
c:\users\hexip\documents\github\oop4g\assessedwork\9. input && scrolling\vs project\input and scrolling\../bin/input and scrolling.exe
c:\users\hexip\documents\github\oop4g\assessedwork\9. input && scrolling\vs project\input and scrolling\debug\input an.2221cd7d.tlog\cl.command.1.tlog
c:\users\hexip\documents\github\oop4g\assessedwork\9. input && scrolling\vs project\input and scrolling\debug\input an.2221cd7d.tlog\cl.read.1.tlog
c:\users\hexip\documents\github\oop4g\assessedwork\9. input && scrolling\vs project\input and scrolling\debug\input an.2221cd7d.tlog\cl.write.1.tlog
c:\users\hexip\documents\github\oop4g\assessedwork\9. input && scrolling\vs project\input and scrolling\debug\input an.2221cd7d.tlog\link.command.1.tlog
c:\users\hexip\documents\github\oop4g\assessedwork\9. input && scrolling\vs project\input and scrolling\debug\input an.2221cd7d.tlog\link.read.1.tlog
c:\users\hexip\documents\github\oop4g\assessedwork\9. input && scrolling\vs project\input and scrolling\debug\input an.2221cd7d.tlog\link.write.1.tlog
