c:\users\b8010687\documents\github\oop4g\assessedwork\10. simple scrolling shoot-em-up\vs project\vs project\debug\vc141.pdb
c:\users\b8010687\documents\github\oop4g\assessedwork\10. simple scrolling shoot-em-up\vs project\vs project\debug\vc141.idb
c:\users\b8010687\documents\github\oop4g\assessedwork\10. simple scrolling shoot-em-up\vs project\vs project\debug\windowutils.obj
c:\users\b8010687\documents\github\oop4g\assessedwork\10. simple scrolling shoot-em-up\vs project\vs project\debug\texturecache.obj
c:\users\b8010687\documents\github\oop4g\assessedwork\10. simple scrolling shoot-em-up\vs project\vs project\debug\sprite.obj
c:\users\b8010687\documents\github\oop4g\assessedwork\10. simple scrolling shoot-em-up\vs project\vs project\debug\singleton.obj
c:\users\b8010687\documents\github\oop4g\assessedwork\10. simple scrolling shoot-em-up\vs project\vs project\debug\score.obj
c:\users\b8010687\documents\github\oop4g\assessedwork\10. simple scrolling shoot-em-up\vs project\vs project\debug\playstate.obj
c:\users\b8010687\documents\github\oop4g\assessedwork\10. simple scrolling shoot-em-up\vs project\vs project\debug\mousekeys.obj
c:\users\b8010687\documents\github\oop4g\assessedwork\10. simple scrolling shoot-em-up\vs project\vs project\debug\menustate.obj
c:\users\b8010687\documents\github\oop4g\assessedwork\10. simple scrolling shoot-em-up\vs project\vs project\debug\main.obj
c:\users\b8010687\documents\github\oop4g\assessedwork\10. simple scrolling shoot-em-up\vs project\vs project\debug\gamepad.obj
c:\users\b8010687\documents\github\oop4g\assessedwork\10. simple scrolling shoot-em-up\vs project\vs project\debug\gamemanager.obj
c:\users\b8010687\documents\github\oop4g\assessedwork\10. simple scrolling shoot-em-up\vs project\vs project\debug\d3dutils.obj
c:\users\b8010687\documents\github\oop4g\assessedwork\10. simple scrolling shoot-em-up\vs project\vs project\debug\d3d.obj
c:\users\b8010687\documents\github\oop4g\assessedwork\10. simple scrolling shoot-em-up\vs project\vs project\debug\missile.obj
c:\users\b8010687\documents\github\oop4g\assessedwork\10. simple scrolling shoot-em-up\vs project\vs project\debug\endstate.obj
c:\users\b8010687\documents\github\oop4g\assessedwork\10. simple scrolling shoot-em-up\vs project\vs project\debug\asteroid.obj
c:\users\b8010687\documents\github\oop4g\assessedwork\10. simple scrolling shoot-em-up\vs project\vs project\debug\animation.obj
c:\users\b8010687\documents\github\oop4g\assessedwork\10. simple scrolling shoot-em-up\vs project\bin\vs project.exe
c:\users\b8010687\documents\github\oop4g\assessedwork\10. simple scrolling shoot-em-up\vs project\bin\vs project.ilk
c:\users\b8010687\documents\github\oop4g\assessedwork\10. simple scrolling shoot-em-up\vs project\bin\vs project.pdb
c:\users\b8010687\documents\github\oop4g\assessedwork\10. simple scrolling shoot-em-up\vs project\bin\xapobaseredist.pdb
c:\users\b8010687\documents\github\oop4g\assessedwork\10. simple scrolling shoot-em-up\vs project\bin\xaudio2_9redist.pdb
c:\users\b8010687\documents\github\oop4g\assessedwork\10. simple scrolling shoot-em-up\vs project\bin\xaudio2_9redist.dll
c:\users\b8010687\documents\github\oop4g\assessedwork\10. simple scrolling shoot-em-up\vs project\vs project\../bin/vs project.exe
c:\users\b8010687\documents\github\oop4g\assessedwork\10. simple scrolling shoot-em-up\vs project\vs project\debug\vs project.tlog\cl.command.1.tlog
c:\users\b8010687\documents\github\oop4g\assessedwork\10. simple scrolling shoot-em-up\vs project\vs project\debug\vs project.tlog\cl.read.1.tlog
c:\users\b8010687\documents\github\oop4g\assessedwork\10. simple scrolling shoot-em-up\vs project\vs project\debug\vs project.tlog\cl.write.1.tlog
c:\users\b8010687\documents\github\oop4g\assessedwork\10. simple scrolling shoot-em-up\vs project\vs project\debug\vs project.tlog\link.command.1.tlog
c:\users\b8010687\documents\github\oop4g\assessedwork\10. simple scrolling shoot-em-up\vs project\vs project\debug\vs project.tlog\link.read.1.tlog
c:\users\b8010687\documents\github\oop4g\assessedwork\10. simple scrolling shoot-em-up\vs project\vs project\debug\vs project.tlog\link.write.1.tlog
c:\users\b8010687\documents\github\oop4g\assessedwork\10. simple scrolling shoot-em-up\vs project\vs project\debug\vs project.tlog\vs project.write.1u.tlog
