  Game.cpp
c:\users\b8010687\documents\github\oop4g\assessedwork\5. pong overloading && inheritance\pong vs project v2\pong vs project\ball.h(15): warning C4244: '+=': conversion from 'double' to 'float', possible loss of data
c:\users\b8010687\documents\github\oop4g\assessedwork\5. pong overloading && inheritance\pong vs project v2\pong vs project\score.h(24): warning C4244: 'argument': conversion from 'const float' to 'unsigned int', possible loss of data
c:\users\b8010687\documents\github\oop4g\assessedwork\5. pong overloading && inheritance\pong vs project v2\pong vs project\text.h(22): warning C4244: 'argument': conversion from 'const float' to 'unsigned int', possible loss of data
c:\users\b8010687\documents\github\oop4g\assessedwork\5. pong overloading && inheritance\pong vs project v2\pong vs project\menu.h(7): warning C4091: 'static ': ignored on left of 'const _Menu::menutype' when no variable is declared
  GameManager.cpp
c:\users\b8010687\documents\github\oop4g\assessedwork\5. pong overloading && inheritance\pong vs project v2\pong vs project\menu.h(7): warning C4091: 'static ': ignored on left of 'const _Menu::menutype' when no variable is declared
c:\users\b8010687\documents\github\oop4g\assessedwork\5. pong overloading && inheritance\pong vs project v2\pong vs project\ball.h(15): warning C4244: '+=': conversion from 'double' to 'float', possible loss of data
c:\users\b8010687\documents\github\oop4g\assessedwork\5. pong overloading && inheritance\pong vs project v2\pong vs project\score.h(24): warning C4244: 'argument': conversion from 'const float' to 'unsigned int', possible loss of data
c:\users\b8010687\documents\github\oop4g\assessedwork\5. pong overloading && inheritance\pong vs project v2\pong vs project\text.h(22): warning C4244: 'argument': conversion from 'const float' to 'unsigned int', possible loss of data
c:\users\b8010687\documents\github\oop4g\assessedwork\5. pong overloading && inheritance\pong vs project v2\pong vs project\gamemanager.cpp(5): warning C4244: 'argument': conversion from 'const float' to 'unsigned int', possible loss of data
  Menu.cpp
c:\users\b8010687\documents\github\oop4g\assessedwork\5. pong overloading && inheritance\pong vs project v2\pong vs project\menu.h(7): warning C4091: 'static ': ignored on left of 'const _Menu::menutype' when no variable is declared
c:\users\b8010687\documents\github\oop4g\assessedwork\5. pong overloading && inheritance\pong vs project v2\pong vs project\ball.h(15): warning C4244: '+=': conversion from 'double' to 'float', possible loss of data
c:\users\b8010687\documents\github\oop4g\assessedwork\5. pong overloading && inheritance\pong vs project v2\pong vs project\score.h(24): warning C4244: 'argument': conversion from 'const float' to 'unsigned int', possible loss of data
c:\users\b8010687\documents\github\oop4g\assessedwork\5. pong overloading && inheritance\pong vs project v2\pong vs project\text.h(22): warning C4244: 'argument': conversion from 'const float' to 'unsigned int', possible loss of data
  main.cpp
c:\users\b8010687\documents\github\oop4g\assessedwork\5. pong overloading && inheritance\pong vs project v2\pong vs project\menu.h(7): warning C4091: 'static ': ignored on left of 'const _Menu::menutype' when no variable is declared
c:\users\b8010687\documents\github\oop4g\assessedwork\5. pong overloading && inheritance\pong vs project v2\pong vs project\ball.h(15): warning C4244: '+=': conversion from 'double' to 'float', possible loss of data
c:\users\b8010687\documents\github\oop4g\assessedwork\5. pong overloading && inheritance\pong vs project v2\pong vs project\score.h(24): warning C4244: 'argument': conversion from 'const float' to 'unsigned int', possible loss of data
c:\users\b8010687\documents\github\oop4g\assessedwork\5. pong overloading && inheritance\pong vs project v2\pong vs project\text.h(22): warning C4244: 'argument': conversion from 'const float' to 'unsigned int', possible loss of data
  Generating Code...
  Pong VS Project.vcxproj -> C:\Users\b8010687\Documents\GitHub\oop4g\AssessedWork\5. Pong overloading && inheritance\Pong VS Project v2\Debug\Pong VS Project.exe
