c:\users\b8010687\documents\github\oop4g\assessedwork\5. pong overloading && inheritance\pong vs project\pong vs project\debug\vc141.pdb
c:\users\b8010687\documents\github\oop4g\assessedwork\5. pong overloading && inheritance\pong vs project\pong vs project\debug\vc141.idb
c:\users\b8010687\documents\github\oop4g\assessedwork\5. pong overloading && inheritance\pong vs project\pong vs project\debug\state.obj
c:\users\b8010687\documents\github\oop4g\assessedwork\5. pong overloading && inheritance\pong vs project\pong vs project\debug\menu.obj
c:\users\b8010687\documents\github\oop4g\assessedwork\5. pong overloading && inheritance\pong vs project\pong vs project\debug\main.obj
c:\users\b8010687\documents\github\oop4g\assessedwork\5. pong overloading && inheritance\pong vs project\pong vs project\debug\gamemanager.obj
c:\users\b8010687\documents\github\oop4g\assessedwork\5. pong overloading && inheritance\pong vs project\pong vs project\debug\game.obj
c:\users\b8010687\documents\github\oop4g\assessedwork\5. pong overloading && inheritance\pong vs project v2\pong vs project\debug\vc141.pdb
c:\users\b8010687\documents\github\oop4g\assessedwork\5. pong overloading && inheritance\pong vs project v2\pong vs project\debug\vc141.idb
c:\users\b8010687\documents\github\oop4g\assessedwork\5. pong overloading && inheritance\pong vs project v2\pong vs project\debug\state.obj
c:\users\b8010687\documents\github\oop4g\assessedwork\5. pong overloading && inheritance\pong vs project v2\pong vs project\debug\menu.obj
c:\users\b8010687\documents\github\oop4g\assessedwork\5. pong overloading && inheritance\pong vs project v2\pong vs project\debug\main.obj
c:\users\b8010687\documents\github\oop4g\assessedwork\5. pong overloading && inheritance\pong vs project v2\pong vs project\debug\gamemanager.obj
c:\users\b8010687\documents\github\oop4g\assessedwork\5. pong overloading && inheritance\pong vs project v2\pong vs project\debug\game.obj
c:\users\b8010687\documents\github\oop4g\assessedwork\5. pong overloading && inheritance\pong vs project\debug\pong vs project.ilk
c:\users\b8010687\documents\github\oop4g\assessedwork\5. pong overloading && inheritance\pong vs project\debug\pong vs project.exe
c:\users\b8010687\documents\github\oop4g\assessedwork\5. pong overloading && inheritance\pong vs project\debug\pong vs project.pdb
c:\users\b8010687\documents\github\oop4g\assessedwork\5. pong overloading && inheritance\pong vs project v2\debug\pong vs project.exe
c:\users\b8010687\documents\github\oop4g\assessedwork\5. pong overloading && inheritance\pong vs project v2\debug\pong vs project.ilk
c:\users\b8010687\documents\github\oop4g\assessedwork\5. pong overloading && inheritance\pong vs project v2\debug\pong vs project.pdb
c:\users\b8010687\documents\github\oop4g\assessedwork\5. pong overloading && inheritance\pong vs project v2\pong vs project\debug\ball.obj
c:\users\b8010687\documents\github\oop4g\assessedwork\5. pong overloading && inheritance\pong vs project v2\pong vs project\debug\paddle.obj
c:\users\b8010687\documents\github\oop4g\assessedwork\5. pong overloading && inheritance\pong vs project v2\pong vs project\debug\score.obj
c:\users\b8010687\documents\github\oop4g\assessedwork\5. pong overloading && inheritance\pong vs project v2\pong vs project\debug\wall.obj
c:\users\b8010687\documents\github\oop4g\assessedwork\5. pong overloading && inheritance\pong vs project v2\pong vs project\debug\pong vs project.tlog\cl.command.1.tlog
c:\users\b8010687\documents\github\oop4g\assessedwork\5. pong overloading && inheritance\pong vs project v2\pong vs project\debug\pong vs project.tlog\cl.read.1.tlog
c:\users\b8010687\documents\github\oop4g\assessedwork\5. pong overloading && inheritance\pong vs project v2\pong vs project\debug\pong vs project.tlog\cl.write.1.tlog
c:\users\b8010687\documents\github\oop4g\assessedwork\5. pong overloading && inheritance\pong vs project v2\pong vs project\debug\pong vs project.tlog\link.command.1.tlog
c:\users\b8010687\documents\github\oop4g\assessedwork\5. pong overloading && inheritance\pong vs project v2\pong vs project\debug\pong vs project.tlog\link.read.1.tlog
c:\users\b8010687\documents\github\oop4g\assessedwork\5. pong overloading && inheritance\pong vs project v2\pong vs project\debug\pong vs project.tlog\link.write.1.tlog
